system   D            wsystem.c:583  maybe_parent_dir                 [   0.00109] Also searching G:\My Document\My Project\Blasteroids\
system   D            wsystem.c:633  _al_win_safe_load_library        [   0.00139] PathFindOnPath found: C:\windows\system32\d3d9.dll
system   D            wsystem.c:544  load_library_at_path             [   0.00143] Calling LoadLibrary C:\windows\system32\d3d9.dll
system   I            wsystem.c:547  load_library_at_path             [   0.01492] Loaded C:\windows\system32\d3d9.dll
d3d      I         d3d_disp.cpp:696  _al_d3d_init_display             [   0.06595] Render-to-texture: 1
system   I             system.c:252  al_install_system                [   0.06610] Allegro version: 5.0.10
dtor     D               dtor.c:184  _al_register_destructor          [   0.06698] added dtor for object 006E5700, func 0F4C24D2
d3d      I         d3d_disp.cpp:1737 d3d_create_display_locked        [   0.06828] faux_fullscreen=0
d3d      D         d3d_disp.cpp:1738 d3d_create_display_locked        [   0.06834] al_display=006E5980
d3d      D         d3d_disp.cpp:1739 d3d_create_display_locked        [   0.06837] al_display->vt=006E58B8
d3d      I d3d_display_formats.cpp:144  _al_d3d_generate_display_format_list [   0.07212] found 64 format combinations
display  D   display_settings.c:191  debug_display_settings           [   0.07219] color: 32 (rgba 8880), depth: 0, stencil: 0, acc: 0000, samples: 0/0
display  D   display_settings.c:506  _al_score_display_settings       [   0.07223] Score is : 897
display  D   display_settings.c:191  debug_display_settings           [   0.07226] color: 32 (rgba 8880), depth: 0, stencil: 0, acc: 0000, samples: 0/0
display  D   display_settings.c:506  _al_score_display_settings       [   0.07229] Score is : 897
display  D   display_settings.c:191  debug_display_settings           [   0.07231] color: 32 (rgba 8880), depth: 24, stencil: 8, acc: 0000, samples: 0/0
display  D   display_settings.c:506  _al_score_display_settings       [   0.07234] Score is : 897
display  D   display_settings.c:191  debug_display_settings           [   0.07237] color: 32 (rgba 8880), depth: 24, stencil: 8, acc: 0000, samples: 0/0
display  D   display_settings.c:506  _al_score_display_settings       [   0.07240] Score is : 897
display  D   display_settings.c:191  debug_display_settings           [   0.07243] color: 32 (rgba 8880), depth: 24, stencil: 0, acc: 0000, samples: 0/0
display  D   display_settings.c:506  _al_score_display_settings       [   0.07246] Score is : 897
display  D   display_settings.c:191  debug_display_settings           [   0.07253] color: 32 (rgba 8880), depth: 24, stencil: 0, acc: 0000, samples: 0/0
display  D   display_settings.c:506  _al_score_display_settings       [   0.07260] Score is : 897
display  D   display_settings.c:191  debug_display_settings           [   0.07263] color: 32 (rgba 8880), depth: 16, stencil: 0, acc: 0000, samples: 0/0
display  D   display_settings.c:506  _al_score_display_settings       [   0.07266] Score is : 897
display  D   display_settings.c:191  debug_display_settings           [   0.07269] color: 32 (rgba 8880), depth: 16, stencil: 0, acc: 0000, samples: 0/0
display  D   display_settings.c:506  _al_score_display_settings       [   0.07272] Score is : 897
display  D   display_settings.c:191  debug_display_settings           [   0.07274] color: 16 (rgba 5650), depth: 0, stencil: 0, acc: 0000, samples: 0/0
display  D   display_settings.c:506  _al_score_display_settings       [   0.07278] Score is : 897
display  D   display_settings.c:191  debug_display_settings           [   0.07280] color: 16 (rgba 5650), depth: 0, stencil: 0, acc: 0000, samples: 0/0
display  D   display_settings.c:506  _al_score_display_settings       [   0.07283] Score is : 897
display  D   display_settings.c:191  debug_display_settings           [   0.07286] color: 16 (rgba 5650), depth: 24, stencil: 8, acc: 0000, samples: 0/0
display  D   display_settings.c:506  _al_score_display_settings       [   0.07290] Score is : 897
display  D   display_settings.c:191  debug_display_settings           [   0.07292] color: 16 (rgba 5650), depth: 24, stencil: 8, acc: 0000, samples: 0/0
display  D   display_settings.c:506  _al_score_display_settings       [   0.07299] Score is : 897
display  D   display_settings.c:191  debug_display_settings           [   0.07302] color: 16 (rgba 5650), depth: 24, stencil: 0, acc: 0000, samples: 0/0
display  D   display_settings.c:506  _al_score_display_settings       [   0.07306] Score is : 897
display  D   display_settings.c:191  debug_display_settings           [   0.07308] color: 16 (rgba 5650), depth: 24, stencil: 0, acc: 0000, samples: 0/0
display  D   display_settings.c:506  _al_score_display_settings       [   0.07311] Score is : 897
display  D   display_settings.c:191  debug_display_settings           [   0.07314] color: 16 (rgba 5650), depth: 16, stencil: 0, acc: 0000, samples: 0/0
display  D   display_settings.c:506  _al_score_display_settings       [   0.07317] Score is : 897
display  D   display_settings.c:191  debug_display_settings           [   0.07320] color: 16 (rgba 5650), depth: 16, stencil: 0, acc: 0000, samples: 0/0
display  D   display_settings.c:506  _al_score_display_settings       [   0.07323] Score is : 897
display  D   display_settings.c:191  debug_display_settings           [   0.07325] color: 32 (rgba 8880), depth: 0, stencil: 0, acc: 0000, samples: 0/0
display  D   display_settings.c:377  _al_score_display_settings       [   0.07328] Single Buffer requirement not met.
display  D   display_settings.c:191  debug_display_settings           [   0.07331] color: 32 (rgba 8880), depth: 0, stencil: 0, acc: 0000, samples: 0/0
display  D   display_settings.c:377  _al_score_display_settings       [   0.07334] Single Buffer requirement not met.
display  D   display_settings.c:191  debug_display_settings           [   0.07337] color: 32 (rgba 8880), depth: 24, stencil: 8, acc: 0000, samples: 0/0
display  D   display_settings.c:377  _al_score_display_settings       [   0.07340] Single Buffer requirement not met.
display  D   display_settings.c:191  debug_display_settings           [   0.07342] color: 32 (rgba 8880), depth: 24, stencil: 8, acc: 0000, samples: 0/0
display  D   display_settings.c:377  _al_score_display_settings       [   0.07345] Single Buffer requirement not met.
display  D   display_settings.c:191  debug_display_settings           [   0.07348] color: 32 (rgba 8880), depth: 24, stencil: 0, acc: 0000, samples: 0/0
display  D   display_settings.c:377  _al_score_display_settings       [   0.07351] Single Buffer requirement not met.
display  D   display_settings.c:191  debug_display_settings           [   0.07354] color: 32 (rgba 8880), depth: 24, stencil: 0, acc: 0000, samples: 0/0
display  D   display_settings.c:377  _al_score_display_settings       [   0.07357] Single Buffer requirement not met.
display  D   display_settings.c:191  debug_display_settings           [   0.07360] color: 32 (rgba 8880), depth: 16, stencil: 0, acc: 0000, samples: 0/0
display  D   display_settings.c:377  _al_score_display_settings       [   0.07363] Single Buffer requirement not met.
display  D   display_settings.c:191  debug_display_settings           [   0.07365] color: 32 (rgba 8880), depth: 16, stencil: 0, acc: 0000, samples: 0/0
display  D   display_settings.c:377  _al_score_display_settings       [   0.07368] Single Buffer requirement not met.
display  D   display_settings.c:191  debug_display_settings           [   0.07371] color: 16 (rgba 5650), depth: 0, stencil: 0, acc: 0000, samples: 0/0
display  D   display_settings.c:377  _al_score_display_settings       [   0.07374] Single Buffer requirement not met.
display  D   display_settings.c:191  debug_display_settings           [   0.07377] color: 16 (rgba 5650), depth: 0, stencil: 0, acc: 0000, samples: 0/0
display  D   display_settings.c:377  _al_score_display_settings       [   0.07380] Single Buffer requirement not met.
display  D   display_settings.c:191  debug_display_settings           [   0.07382] color: 16 (rgba 5650), depth: 24, stencil: 8, acc: 0000, samples: 0/0
display  D   display_settings.c:377  _al_score_display_settings       [   0.07386] Single Buffer requirement not met.
display  D   display_settings.c:191  debug_display_settings           [   0.07389] color: 16 (rgba 5650), depth: 24, stencil: 8, acc: 0000, samples: 0/0
display  D   display_settings.c:377  _al_score_display_settings       [   0.07392] Single Buffer requirement not met.
display  D   display_settings.c:191  debug_display_settings           [   0.07394] color: 16 (rgba 5650), depth: 24, stencil: 0, acc: 0000, samples: 0/0
display  D   display_settings.c:377  _al_score_display_settings       [   0.07397] Single Buffer requirement not met.
display  D   display_settings.c:191  debug_display_settings           [   0.07400] color: 16 (rgba 5650), depth: 24, stencil: 0, acc: 0000, samples: 0/0
display  D   display_settings.c:377  _al_score_display_settings       [   0.07403] Single Buffer requirement not met.
display  D   display_settings.c:191  debug_display_settings           [   0.07406] color: 16 (rgba 5650), depth: 16, stencil: 0, acc: 0000, samples: 0/0
display  D   display_settings.c:377  _al_score_display_settings       [   0.07409] Single Buffer requirement not met.
display  D   display_settings.c:191  debug_display_settings           [   0.07411] color: 16 (rgba 5650), depth: 16, stencil: 0, acc: 0000, samples: 0/0
display  D   display_settings.c:377  _al_score_display_settings       [   0.07414] Single Buffer requirement not met.
display  D   display_settings.c:191  debug_display_settings           [   0.07417] color: 32 (rgba 8880), depth: 0, stencil: 0, acc: 0000, samples: 0/0
display  D   display_settings.c:506  _al_score_display_settings       [   0.07420] Score is : 769
display  D   display_settings.c:191  debug_display_settings           [   0.07423] color: 32 (rgba 8880), depth: 0, stencil: 0, acc: 0000, samples: 0/0
display  D   display_settings.c:506  _al_score_display_settings       [   0.07426] Score is : 769
display  D   display_settings.c:191  debug_display_settings           [   0.07429] color: 32 (rgba 8880), depth: 24, stencil: 8, acc: 0000, samples: 0/0
display  D   display_settings.c:506  _al_score_display_settings       [   0.07432] Score is : 769
display  D   display_settings.c:191  debug_display_settings           [   0.07434] color: 32 (rgba 8880), depth: 24, stencil: 8, acc: 0000, samples: 0/0
display  D   display_settings.c:506  _al_score_display_settings       [   0.07437] Score is : 769
display  D   display_settings.c:191  debug_display_settings           [   0.07440] color: 32 (rgba 8880), depth: 24, stencil: 0, acc: 0000, samples: 0/0
display  D   display_settings.c:506  _al_score_display_settings       [   0.07443] Score is : 769
display  D   display_settings.c:191  debug_display_settings           [   0.07445] color: 32 (rgba 8880), depth: 24, stencil: 0, acc: 0000, samples: 0/0
display  D   display_settings.c:506  _al_score_display_settings       [   0.07448] Score is : 769
display  D   display_settings.c:191  debug_display_settings           [   0.07451] color: 32 (rgba 8880), depth: 16, stencil: 0, acc: 0000, samples: 0/0
display  D   display_settings.c:506  _al_score_display_settings       [   0.07454] Score is : 769
display  D   display_settings.c:191  debug_display_settings           [   0.07457] color: 32 (rgba 8880), depth: 16, stencil: 0, acc: 0000, samples: 0/0
display  D   display_settings.c:506  _al_score_display_settings       [   0.07460] Score is : 769
display  D   display_settings.c:191  debug_display_settings           [   0.07463] color: 16 (rgba 5650), depth: 0, stencil: 0, acc: 0000, samples: 0/0
display  D   display_settings.c:506  _al_score_display_settings       [   0.07466] Score is : 769
display  D   display_settings.c:191  debug_display_settings           [   0.07468] color: 16 (rgba 5650), depth: 0, stencil: 0, acc: 0000, samples: 0/0
display  D   display_settings.c:506  _al_score_display_settings       [   0.07472] Score is : 769
display  D   display_settings.c:191  debug_display_settings           [   0.07475] color: 16 (rgba 5650), depth: 24, stencil: 8, acc: 0000, samples: 0/0
display  D   display_settings.c:506  _al_score_display_settings       [   0.07478] Score is : 769
display  D   display_settings.c:191  debug_display_settings           [   0.07481] color: 16 (rgba 5650), depth: 24, stencil: 8, acc: 0000, samples: 0/0
display  D   display_settings.c:506  _al_score_display_settings       [   0.07484] Score is : 769
display  D   display_settings.c:191  debug_display_settings           [   0.07486] color: 16 (rgba 5650), depth: 24, stencil: 0, acc: 0000, samples: 0/0
display  D   display_settings.c:506  _al_score_display_settings       [   0.07490] Score is : 769
display  D   display_settings.c:191  debug_display_settings           [   0.07492] color: 16 (rgba 5650), depth: 24, stencil: 0, acc: 0000, samples: 0/0
display  D   display_settings.c:506  _al_score_display_settings       [   0.07495] Score is : 769
display  D   display_settings.c:191  debug_display_settings           [   0.07498] color: 16 (rgba 5650), depth: 16, stencil: 0, acc: 0000, samples: 0/0
display  D   display_settings.c:506  _al_score_display_settings       [   0.07501] Score is : 769
display  D   display_settings.c:191  debug_display_settings           [   0.07504] color: 16 (rgba 5650), depth: 16, stencil: 0, acc: 0000, samples: 0/0
display  D   display_settings.c:506  _al_score_display_settings       [   0.07507] Score is : 769
display  D   display_settings.c:191  debug_display_settings           [   0.07510] color: 32 (rgba 8880), depth: 0, stencil: 0, acc: 0000, samples: 0/0
display  D   display_settings.c:377  _al_score_display_settings       [   0.07513] Single Buffer requirement not met.
display  D   display_settings.c:191  debug_display_settings           [   0.07516] color: 32 (rgba 8880), depth: 0, stencil: 0, acc: 0000, samples: 0/0
display  D   display_settings.c:377  _al_score_display_settings       [   0.07519] Single Buffer requirement not met.
display  D   display_settings.c:191  debug_display_settings           [   0.07522] color: 32 (rgba 8880), depth: 24, stencil: 8, acc: 0000, samples: 0/0
display  D   display_settings.c:377  _al_score_display_settings       [   0.07525] Single Buffer requirement not met.
display  D   display_settings.c:191  debug_display_settings           [   0.07528] color: 32 (rgba 8880), depth: 24, stencil: 8, acc: 0000, samples: 0/0
display  D   display_settings.c:377  _al_score_display_settings       [   0.07531] Single Buffer requirement not met.
display  D   display_settings.c:191  debug_display_settings           [   0.07534] color: 32 (rgba 8880), depth: 24, stencil: 0, acc: 0000, samples: 0/0
display  D   display_settings.c:377  _al_score_display_settings       [   0.07537] Single Buffer requirement not met.
display  D   display_settings.c:191  debug_display_settings           [   0.07540] color: 32 (rgba 8880), depth: 24, stencil: 0, acc: 0000, samples: 0/0
display  D   display_settings.c:377  _al_score_display_settings       [   0.07543] Single Buffer requirement not met.
display  D   display_settings.c:191  debug_display_settings           [   0.07545] color: 32 (rgba 8880), depth: 16, stencil: 0, acc: 0000, samples: 0/0
display  D   display_settings.c:377  _al_score_display_settings       [   0.07548] Single Buffer requirement not met.
display  D   display_settings.c:191  debug_display_settings           [   0.07551] color: 32 (rgba 8880), depth: 16, stencil: 0, acc: 0000, samples: 0/0
display  D   display_settings.c:377  _al_score_display_settings       [   0.07554] Single Buffer requirement not met.
display  D   display_settings.c:191  debug_display_settings           [   0.07557] color: 16 (rgba 5650), depth: 0, stencil: 0, acc: 0000, samples: 0/0
display  D   display_settings.c:377  _al_score_display_settings       [   0.07560] Single Buffer requirement not met.
display  D   display_settings.c:191  debug_display_settings           [   0.07563] color: 16 (rgba 5650), depth: 0, stencil: 0, acc: 0000, samples: 0/0
display  D   display_settings.c:377  _al_score_display_settings       [   0.07566] Single Buffer requirement not met.
display  D   display_settings.c:191  debug_display_settings           [   0.07572] color: 16 (rgba 5650), depth: 24, stencil: 8, acc: 0000, samples: 0/0
display  D   display_settings.c:377  _al_score_display_settings       [   0.07576] Single Buffer requirement not met.
display  D   display_settings.c:191  debug_display_settings           [   0.07578] color: 16 (rgba 5650), depth: 24, stencil: 8, acc: 0000, samples: 0/0
display  D   display_settings.c:377  _al_score_display_settings       [   0.07581] Single Buffer requirement not met.
display  D   display_settings.c:191  debug_display_settings           [   0.07584] color: 16 (rgba 5650), depth: 24, stencil: 0, acc: 0000, samples: 0/0
display  D   display_settings.c:377  _al_score_display_settings       [   0.07587] Single Buffer requirement not met.
display  D   display_settings.c:191  debug_display_settings           [   0.07589] color: 16 (rgba 5650), depth: 24, stencil: 0, acc: 0000, samples: 0/0
display  D   display_settings.c:377  _al_score_display_settings       [   0.07592] Single Buffer requirement not met.
display  D   display_settings.c:191  debug_display_settings           [   0.07595] color: 16 (rgba 5650), depth: 16, stencil: 0, acc: 0000, samples: 0/0
display  D   display_settings.c:377  _al_score_display_settings       [   0.07598] Single Buffer requirement not met.
display  D   display_settings.c:191  debug_display_settings           [   0.07600] color: 16 (rgba 5650), depth: 16, stencil: 0, acc: 0000, samples: 0/0
display  D   display_settings.c:377  _al_score_display_settings       [   0.07604] Single Buffer requirement not met.
d3d      D         d3d_disp.cpp:1645 d3d_create_display_internals     [   0.07607] Trying format 0.
d3d      I         d3d_disp.cpp:1326 d3d_display_thread_proc          [   0.07672] Chose a display format: 23
d3d      I         d3d_disp.cpp:1395 d3d_display_thread_proc          [   0.07679] Normal window.
d3d      I         d3d_disp.cpp:801  d3d_create_device                [   0.09711] Using no depth stencil buffer
d3d      D         d3d_disp.cpp:866  d3d_create_device                [   0.13652] BeginScene succeeded in create_device
d3d      D         d3d_disp.cpp:874  d3d_create_device                [   0.13658] Success
d3d      D         d3d_disp.cpp:1668 d3d_create_display_internals     [   0.13661] Resumed after wait.
d3d      I         d3d_disp.cpp:1701 d3d_create_display_internals     [   0.13665] Format 0 succeeded.
d3d      D         d3d_disp.cpp:1724 d3d_create_display_internals     [   0.13668] Returning d3d_display: 006E5980
d3d      D         d3d_disp.cpp:1749 d3d_create_display_locked        [   0.13670] al_display=006E5980
d3d      D         d3d_disp.cpp:1750 d3d_create_display_locked        [   0.13672] al_display->vt=006E58B8
d3d      D         d3d_disp.cpp:1166 real_choose_bitmap_format        [   0.13699] Fake format
d3d      D         d3d_disp.cpp:1166 real_choose_bitmap_format        [   0.13702] Fake format
d3d      D         d3d_disp.cpp:1166 real_choose_bitmap_format        [   0.13703] Fake format
d3d      D         d3d_disp.cpp:1166 real_choose_bitmap_format        [   0.13705] Fake format
d3d      D         d3d_disp.cpp:1166 real_choose_bitmap_format        [   0.13707] Fake format
d3d      D         d3d_disp.cpp:1166 real_choose_bitmap_format        [   0.13708] Fake format
d3d      D         d3d_disp.cpp:1166 real_choose_bitmap_format        [   0.13710] Fake format
d3d      D         d3d_disp.cpp:1166 real_choose_bitmap_format        [   0.13711] Fake format
d3d      D         d3d_disp.cpp:1166 real_choose_bitmap_format        [   0.13713] Fake format
d3d      D         d3d_disp.cpp:1174 real_choose_bitmap_format        [   0.13714] Alpha doesn't match
d3d      D         d3d_disp.cpp:1181 real_choose_bitmap_format        [   0.13716] Adapter format is 23
d3d      D         d3d_disp.cpp:1184 real_choose_bitmap_format        [   0.13717] Found a format
d3d      I         d3d_disp.cpp:2283 _al_d3d_create_bitmap            [   0.13719] Chose bitmap format 9
dtor     D               dtor.c:184  _al_register_destructor          [   0.13753] added dtor for object 006F79B8, func 0F4C2595
dtor     D               dtor.c:184  _al_register_destructor          [   0.13759] added dtor for object 0071ECD8, func 0F4C27A7
